<?xml version="1.0" encoding="UTF-8"?>
<testng-results skipped="0" failed="0" ignored="0" total="1" passed="1">
  <reporter-output>
  </reporter-output>
  <suite name="Default suite" duration-ms="33832" started-at="2023-03-15T17:45:47 IST" finished-at="2023-03-15T17:46:21 IST">
    <groups>
    </groups>
    <test name="Default test" duration-ms="33832" started-at="2023-03-15T17:45:47 IST" finished-at="2023-03-15T17:46:21 IST">
      <class name="com.intense.OpenUrl">
        <test-method status="PASS" signature="googlePage()[pri:0, instance:com.intense.OpenUrl@4232c52b]" name="googlePage" duration-ms="33738" started-at="2023-03-15T17:45:47 IST" finished-at="2023-03-15T17:46:21 IST">
          <reporter-output>
          </reporter-output>
        </test-method> <!-- googlePage -->
      </class> <!-- com.intense.OpenUrl -->
    </test> <!-- Default test -->
  </suite> <!-- Default suite -->
</testng-results>
